# JRE version: OpenJDK Runtime Environment Temurin-24+36 (24.0+36) (build 24+36)
# Java VM: OpenJDK 64-Bit Server VM Temurin-24+36 (24+36, mixed mode, sharing, tiered, compressed oops, compressed class ptrs, g1 gc, bsd-aarch64)
GC Precious Log:
 CardTable entry size: 512
 Card Set container configuration: InlinePtr #cards 5 size 8 Array Of Cards #cards 10 size 36 Howl #buckets 4 coarsen threshold 1843 Howl Bitmap #cards 512 size 80 coarsen threshold 460 Card regions per heap region 1 cards per card region 2048
 CPUs: 10 total, 10 available
 Memory: 32768M
 Large Page Support: Disabled
 NUMA Support: Disabled
 Compressed Oops: Enabled (Zero based)
 Heap Region Size: 1M
 Heap Min Capacity: 8M
 Heap Initial Capacity: 512M
 Heap Max Capacity: 1G
 Pre-touch: Disabled
 Parallel Workers: 9
 Concurrent Workers: 2
 Concurrent Refinement Workers: 9
 Periodic GC: Disabled
Heap:
 garbage-first heap   total reserved 1048576K, committed 222208K, used 115643K [0x00000007c0000000, 0x0000000800000000)
  region size 1024K, 37 young (37888K), 0 survivors (0K)
 Metaspace       used 10186K, committed 10432K, reserved 1114112K
  class space    used 1361K, committed 1472K, reserved 1048576K
GC Heap History (20 events):
Event: 5328.793 GC heap before
{Heap before GC invocations=119 (full 12):
 garbage-first heap   total reserved 1048576K, committed 222208K, used 204769K [0x00000007c0000000, 0x0000000800000000)
  region size 1024K, 124 young (126976K), 1 survivors (1024K)
 Metaspace       used 10182K, committed 10432K, reserved 1114112K
  class space    used 1360K, committed 1472K, reserved 1048576K
}
Event: 5328.793 GC heap after
{Heap after GC invocations=120 (full 12):
 garbage-first heap   total reserved 1048576K, committed 222208K, used 78817K [0x00000007c0000000, 0x0000000800000000)
  region size 1024K, 1 young (1024K), 1 survivors (1024K)
 Metaspace       used 10182K, committed 10432K, reserved 1114112K
  class space    used 1360K, committed 1472K, reserved 1048576K
}
Event: 5328.967 GC heap before
{Heap before GC invocations=120 (full 12):
 garbage-first heap   total reserved 1048576K, committed 222208K, used 204769K [0x00000007c0000000, 0x0000000800000000)
  region size 1024K, 124 young (126976K), 1 survivors (1024K)
 Metaspace       used 10182K, committed 10432K, reserved 1114112K
  class space    used 1360K, committed 1472K, reserved 1048576K
}
Event: 5328.968 GC heap after
{Heap after GC invocations=121 (full 12):
 garbage-first heap   total reserved 1048576K, committed 222208K, used 78815K [0x00000007c0000000, 0x0000000800000000)
  region size 1024K, 1 young (1024K), 1 survivors (1024K)
 Metaspace       used 10182K, committed 10432K, reserved 1114112K
  class space    used 1360K, committed 1472K, reserved 1048576K
}
Event: 5329.141 GC heap before
{Heap before GC invocations=121 (full 12):
 garbage-first heap   total reserved 1048576K, committed 222208K, used 204767K [0x00000007c0000000, 0x0000000800000000)
  region size 1024K, 124 young (126976K), 1 survivors (1024K)
 Metaspace       used 10182K, committed 10432K, reserved 1114112K
  class space    used 1360K, committed 1472K, reserved 1048576K
}
Event: 5329.142 GC heap after
{Heap after GC invocations=122 (full 12):
 garbage-first heap   total reserved 1048576K, committed 222208K, used 78806K [0x00000007c0000000, 0x0000000800000000)
  region size 1024K, 1 young (1024K), 1 survivors (1024K)
 Metaspace       used 10182K, committed 10432K, reserved 1114112K
  class space    used 1360K, committed 1472K, reserved 1048576K
}
Event: 5329.498 GC heap before
{Heap before GC invocations=122 (full 12):
 garbage-first heap   total reserved 1048576K, committed 222208K, used 204758K [0x00000007c0000000, 0x0000000800000000)
  region size 1024K, 124 young (126976K), 1 survivors (1024K)
 Metaspace       used 10182K, committed 10432K, reserved 1114112K
  class space    used 1360K, committed 1472K, reserved 1048576K
}
Event: 5329.499 GC heap after
{Heap after GC invocations=123 (full 12):
 garbage-first heap   total reserved 1048576K, committed 222208K, used 78815K [0x00000007c0000000, 0x0000000800000000)
  region size 1024K, 1 young (1024K), 1 survivors (1024K)
 Metaspace       used 10182K, committed 10432K, reserved 1114112K
  class space    used 1360K, committed 1472K, reserved 1048576K
}
Event: 5329.668 GC heap before
{Heap before GC invocations=123 (full 12):
 garbage-first heap   total reserved 1048576K, committed 222208K, used 204767K [0x00000007c0000000, 0x0000000800000000)
  region size 1024K, 124 young (126976K), 1 survivors (1024K)
 Metaspace       used 10182K, committed 10432K, reserved 1114112K
  class space    used 1360K, committed 1472K, reserved 1048576K
}
Event: 5329.669 GC heap after
{Heap after GC invocations=124 (full 12):
 garbage-first heap   total reserved 1048576K, committed 222208K, used 78817K [0x00000007c0000000, 0x0000000800000000)
  region size 1024K, 1 young (1024K), 1 survivors (1024K)
 Metaspace       used 10182K, committed 10432K, reserved 1114112K
  class space    used 1360K, committed 1472K, reserved 1048576K
}
Event: 5329.841 GC heap before
{Heap before GC invocations=124 (full 12):
 garbage-first heap   total reserved 1048576K, committed 222208K, used 204769K [0x00000007c0000000, 0x0000000800000000)
  region size 1024K, 124 young (126976K), 1 survivors (1024K)
 Metaspace       used 10182K, committed 10432K, reserved 1114112K
  class space    used 1360K, committed 1472K, reserved 1048576K
}
Event: 5329.841 GC heap after
{Heap after GC invocations=125 (full 12):
 garbage-first heap   total reserved 1048576K, committed 222208K, used 78811K [0x00000007c0000000, 0x0000000800000000)
  region size 1024K, 1 young (1024K), 1 survivors (1024K)
 Metaspace       used 10182K, committed 10432K, reserved 1114112K
  class space    used 1360K, committed 1472K, reserved 1048576K
}
Event: 5330.016 GC heap before
{Heap before GC invocations=125 (full 12):
 garbage-first heap   total reserved 1048576K, committed 222208K, used 204763K [0x00000007c0000000, 0x0000000800000000)
  region size 1024K, 124 young (126976K), 1 survivors (1024K)
 Metaspace       used 10182K, committed 10432K, reserved 1114112K
  class space    used 1360K, committed 1472K, reserved 1048576K
}
Event: 5330.017 GC heap after
{Heap after GC invocations=126 (full 12):
 garbage-first heap   total reserved 1048576K, committed 222208K, used 78806K [0x00000007c0000000, 0x0000000800000000)
  region size 1024K, 1 young (1024K), 1 survivors (1024K)
 Metaspace       used 10182K, committed 10432K, reserved 1114112K
  class space    used 1360K, committed 1472K, reserved 1048576K
}
Event: 5330.190 GC heap before
{Heap before GC invocations=126 (full 12):
 garbage-first heap   total reserved 1048576K, committed 222208K, used 204758K [0x00000007c0000000, 0x0000000800000000)
  region size 1024K, 124 young (126976K), 1 survivors (1024K)
 Metaspace       used 10182K, committed 10432K, reserved 1114112K
  class space    used 1360K, committed 1472K, reserved 1048576K
}
Event: 5330.190 GC heap after
{Heap after GC invocations=127 (full 12):
 garbage-first heap   total reserved 1048576K, committed 222208K, used 78804K [0x00000007c0000000, 0x0000000800000000)
  region size 1024K, 1 young (1024K), 1 survivors (1024K)
 Metaspace       used 10182K, committed 10432K, reserved 1114112K
  class space    used 1360K, committed 1472K, reserved 1048576K
}
Event: 5330.366 GC heap before
{Heap before GC invocations=127 (full 12):
 garbage-first heap   total reserved 1048576K, committed 222208K, used 204756K [0x00000007c0000000, 0x0000000800000000)
  region size 1024K, 124 young (126976K), 1 survivors (1024K)
 Metaspace       used 10182K, committed 10432K, reserved 1114112K
  class space    used 1360K, committed 1472K, reserved 1048576K
}
Event: 5330.367 GC heap after
{Heap after GC invocations=128 (full 12):
 garbage-first heap   total reserved 1048576K, committed 222208K, used 78821K [0x00000007c0000000, 0x0000000800000000)
  region size 1024K, 1 young (1024K), 1 survivors (1024K)
 Metaspace       used 10182K, committed 10432K, reserved 1114112K
  class space    used 1360K, committed 1472K, reserved 1048576K
}
Event: 5332.179 GC heap before
{Heap before GC invocations=128 (full 12):
 garbage-first heap   total reserved 1048576K, committed 222208K, used 127973K [0x00000007c0000000, 0x0000000800000000)
  region size 1024K, 50 young (51200K), 1 survivors (1024K)
 Metaspace       used 10182K, committed 10432K, reserved 1114112K
  class space    used 1360K, committed 1472K, reserved 1048576K
}
Event: 5332.204 GC heap after
{Heap after GC invocations=129 (full 13):
 garbage-first heap   total reserved 1048576K, committed 222208K, used 78779K [0x00000007c0000000, 0x0000000800000000)
  region size 1024K, 0 young (0K), 0 survivors (0K)
 Metaspace       used 10182K, committed 10432K, reserved 1114112K
  class space    used 1360K, committed 1472K, reserved 1048576K
}

